<?xml version="1.0" encoding="UTF-8"?>
<testng-results ignored="0" total="1" passed="1" failed="0" skipped="0">
  <reporter-output>
  </reporter-output>
  <suite started-at="2024-04-27T04:10:56Z" name="Default suite" finished-at="2024-04-27T04:11:41Z" duration-ms="44473">
    <groups>
    </groups>
    <test started-at="2024-04-27T04:10:56Z" name="Default test" finished-at="2024-04-27T04:11:41Z" duration-ms="44473">
      <class name="com.id.BatchWebAutomation.SecondDay">
        <test-method is-config="true" signature="startBrowser()[pri:0, instance:com.id.BatchWebAutomation.SecondDay@341814d3]" started-at="2024-04-27T10:09:55Z" name="startBrowser" finished-at="2024-04-27T10:10:56Z" duration-ms="61870" status="PASS">
          <reporter-output>
          </reporter-output>
        </test-method> <!-- startBrowser -->
        <test-method signature="OpenUrl()[pri:0, instance:com.id.BatchWebAutomation.SecondDay@341814d3]" started-at="2024-04-27T10:10:56Z" name="OpenUrl" finished-at="2024-04-27T10:11:41Z" duration-ms="44428" status="PASS">
          <reporter-output>
          </reporter-output>
        </test-method> <!-- OpenUrl -->
        <test-method is-config="true" signature="close()[pri:0, instance:com.id.BatchWebAutomation.SecondDay@341814d3]" started-at="2024-04-27T10:11:41Z" name="close" finished-at="2024-04-27T10:11:41Z" duration-ms="203" status="PASS">
          <reporter-output>
          </reporter-output>
        </test-method> <!-- close -->
      </class> <!-- com.id.BatchWebAutomation.SecondDay -->
    </test> <!-- Default test -->
  </suite> <!-- Default suite -->
</testng-results>
