<?xml version="1.0" encoding="UTF-8"?>
<testng-results ignored="0" total="1" passed="1" failed="0" skipped="0">
  <reporter-output>
  </reporter-output>
  <suite started-at="2024-04-26T07:10:32Z" name="Default suite" finished-at="2024-04-26T07:10:51Z" duration-ms="18356">
    <groups>
    </groups>
    <test started-at="2024-04-26T07:10:32Z" name="Default test" finished-at="2024-04-26T07:10:51Z" duration-ms="18356">
      <class name="com.id.BatchWebAutomation.yourone">
        <test-method is-config="true" signature="startBrowser()[pri:0, instance:com.id.BatchWebAutomation.yourone@455b6df1]" started-at="2024-04-26T13:10:31Z" name="startBrowser" finished-at="2024-04-26T13:10:32Z" duration-ms="1478" status="PASS">
          <reporter-output>
          </reporter-output>
        </test-method> <!-- startBrowser -->
        <test-method signature="openUrl()[pri:0, instance:com.id.BatchWebAutomation.yourone@455b6df1]" started-at="2024-04-26T13:10:32Z" name="openUrl" finished-at="2024-04-26T13:10:51Z" duration-ms="18345" status="PASS">
          <reporter-output>
          </reporter-output>
        </test-method> <!-- openUrl -->
        <test-method is-config="true" signature="close()[pri:0, instance:com.id.BatchWebAutomation.yourone@455b6df1]" started-at="2024-04-26T13:10:51Z" name="close" finished-at="2024-04-26T13:10:51Z" duration-ms="148" status="PASS">
          <reporter-output>
          </reporter-output>
        </test-method> <!-- close -->
      </class> <!-- com.id.BatchWebAutomation.yourone -->
    </test> <!-- Default test -->
  </suite> <!-- Default suite -->
</testng-results>
